<?xml version="1.0" encoding="UTF-8"?>
<testsuite name="mx.sugus.codegen.jv.spec3.MethodSpecTest" tests="4" skipped="0" failures="0" errors="0" timestamp="2023-08-04T14:09:38" hostname="Manuels-MacBook-Pro.local" time="0.022">
  <properties/>
  <testcase name="test0()" classname="mx.sugus.codegen.jv.spec3.MethodSpecTest" time="0.005"/>
  <testcase name="test2()" classname="mx.sugus.codegen.jv.spec3.MethodSpecTest" time="0.002"/>
  <testcase name="test3()" classname="mx.sugus.codegen.jv.spec3.MethodSpecTest" time="0.006"/>
  <testcase name="test4()" classname="mx.sugus.codegen.jv.spec3.MethodSpecTest" time="0.004"/>
  <system-out><![CDATA[====================
public Integer addInteger(Integer left, Integer right) {
    if (left == null) {
        if (right == null) {
            return null;
        } else {
            return right;
        }
    }
    return left + right;
}

====================
public Integer addInteger(Integer left, Integer right) {
    if (left == null) {
        if (right == null) {
            return null;
        } else {
            return right;
        }
    }
    return left + right;
}

====================
import java.io.IOException;
import java.io.InputStream;
import java.nio.charset.StandardCharsets;


public String readInputStream(InputStream input) {
    if (input == null) {
        throw new NullPointerException("input");
    }
    String result;
    try {
        var bytes = input.readAllBytes();
        result = new String(bytes, StandardCharsets.UTF_8);
    } catch (IOException e) {
        throw new RuntimeException(e);
    } finally {
        try {
            input.close();
        } catch (IOException e) {
        } 
    }
}

====================
import java.io.IOException;
import java.io.InputStream;
import java.nio.charset.StandardCharsets;


public String readInputStream(InputStream input) {
    if (input == null) {
        throw new NullPointerException("input");
    }
    String result;
    try {
        var bytes = input.readAllBytes();
        result = new String(bytes, StandardCharsets.UTF_8);
    } catch (IOException e) {
        throw new RuntimeException(e);
    } finally {
        try {
            input.close();
        } catch (IOException e) {
        } 
    }
}

]]></system-out>
  <system-err><![CDATA[]]></system-err>
</testsuite>
