<?xml version="1.0" encoding="UTF-8"?>
<testsuite name="mx.sugus.codegen.jv.spec3.syntax.ForStatementSyntaxTest" tests="4" skipped="0" failures="0" errors="0" timestamp="2023-08-04T14:09:38" hostname="Manuels-MacBook-Pro.local" time="0.013">
  <properties/>
  <testcase name="testEnhancedSingleStatement()" classname="mx.sugus.codegen.jv.spec3.syntax.ForStatementSyntaxTest" time="0.005"/>
  <testcase name="testEnhancedBlockStatement()" classname="mx.sugus.codegen.jv.spec3.syntax.ForStatementSyntaxTest" time="0.001"/>
  <testcase name="testBasicBlockStatement()" classname="mx.sugus.codegen.jv.spec3.syntax.ForStatementSyntaxTest" time="0.001"/>
  <testcase name="testBasicSingleStatement()" classname="mx.sugus.codegen.jv.spec3.syntax.ForStatementSyntaxTest" time="0.0"/>
  <system-out><![CDATA[]]></system-out>
  <system-err><![CDATA[]]></system-err>
</testsuite>
