<?xml version="1.0" encoding="UTF-8"?>
<testsuite name="mx.sugus.codegen.jv.spec3.RewriteVisitorTest" tests="1" skipped="0" failures="0" errors="0" timestamp="2023-08-04T14:09:38" hostname="Manuels-MacBook-Pro.local" time="0.007">
  <properties/>
  <testcase name="test0()" classname="mx.sugus.codegen.jv.spec3.RewriteVisitorTest" time="0.007"/>
  <system-out><![CDATA[================= prev:
public final String toString() {
    return String.valueOf(this);
}

=================  new:
public final String toString() {
    return super.toString();
}

]]></system-out>
  <system-err><![CDATA[]]></system-err>
</testsuite>
