<?xml version="1.0" encoding="UTF-8"?>
<testsuite name="mx.sugus.codegen.jv.spec3.syntax.TryStatementTest" tests="3" skipped="0" failures="0" errors="0" timestamp="2023-08-04T14:09:38" hostname="Manuels-MacBook-Pro.local" time="0.006">
  <properties/>
  <testcase name="testJustCatch()" classname="mx.sugus.codegen.jv.spec3.syntax.TryStatementTest" time="0.001"/>
  <testcase name="testJustFinally()" classname="mx.sugus.codegen.jv.spec3.syntax.TryStatementTest" time="0.001"/>
  <testcase name="testCatchFinally()" classname="mx.sugus.codegen.jv.spec3.syntax.TryStatementTest" time="0.001"/>
  <system-out><![CDATA[]]></system-out>
  <system-err><![CDATA[]]></system-err>
</testsuite>
