<?xml version="1.0" encoding="UTF-8"?>
<testsuite name="mx.sugus.javapoet.TryStatementSpecTest" tests="9" skipped="0" failures="0" errors="0" timestamp="2023-08-13T16:10:03" hostname="Manuels-MacBook-Pro.local" time="0.024">
  <properties/>
  <testcase name="tryCatchBuilderWithFunctionalStyle()" classname="mx.sugus.javapoet.TryStatementSpecTest" time="0.003"/>
  <testcase name="tryFinallyBuilderWithFunctionalStyle()" classname="mx.sugus.javapoet.TryStatementSpecTest" time="0.002"/>
  <testcase name="tryCatchBuilderWithExplicitBeingEnd()" classname="mx.sugus.javapoet.TryStatementSpecTest" time="0.001"/>
  <testcase name="tryWithNullResourcesThrows()" classname="mx.sugus.javapoet.TryStatementSpecTest" time="0.002"/>
  <testcase name="tryCatchFinallyBuilderWithFunctionalStyle()" classname="mx.sugus.javapoet.TryStatementSpecTest" time="0.003"/>
  <testcase name="tryWithResourcesFinallyBuilderWithExplicitBeingEnd()" classname="mx.sugus.javapoet.TryStatementSpecTest" time="0.001"/>
  <testcase name="tryWithoutCatchOrFinallyThrows()" classname="mx.sugus.javapoet.TryStatementSpecTest" time="0.001"/>
  <testcase name="tryCatchFinallyBuilderWithExplicitBeingEnd()" classname="mx.sugus.javapoet.TryStatementSpecTest" time="0.001"/>
  <testcase name="tryFinallyBuilderWithExplicitBeingEnd()" classname="mx.sugus.javapoet.TryStatementSpecTest" time="0.001"/>
  <system-out><![CDATA[]]></system-out>
  <system-err><![CDATA[]]></system-err>
</testsuite>
