<?xml version="1.0" encoding="UTF-8"?>
<testsuite name="mx.sugus.javapoet.AbstractControlFlowTest" tests="2" skipped="0" failures="0" errors="0" timestamp="2023-08-13T16:10:02" hostname="Manuels-MacBook-Pro.local" time="0.037">
  <properties/>
  <testcase name="testIfElseUsingAbstractControlFlow()" classname="mx.sugus.javapoet.AbstractControlFlowTest" time="0.034"/>
  <testcase name="testIfUsingAbstractControlFlow()" classname="mx.sugus.javapoet.AbstractControlFlowTest" time="0.001"/>
  <system-out><![CDATA[]]></system-out>
  <system-err><![CDATA[]]></system-err>
</testsuite>
