<?xml version="1.0" encoding="UTF-8"?>
<testsuite name="mx.sugus.javapoet.ForStatementSpecTest" tests="6" skipped="0" failures="0" errors="0" timestamp="2023-08-12T14:22:46" hostname="Manuels-MacBook-Pro.local" time="0.022">
  <properties/>
  <testcase name="testBasicForStatementBeginEnd()" classname="mx.sugus.javapoet.ForStatementSpecTest" time="0.004"/>
  <testcase name="testEnhancedForStatementBeginEnd()" classname="mx.sugus.javapoet.ForStatementSpecTest" time="0.002"/>
  <testcase name="testEnhancedForStatementLambda()" classname="mx.sugus.javapoet.ForStatementSpecTest" time="0.002"/>
  <testcase name="testThrowsWithNullInitializer()" classname="mx.sugus.javapoet.ForStatementSpecTest" time="0.004"/>
  <testcase name="testThrowsWithNullInitializer2()" classname="mx.sugus.javapoet.ForStatementSpecTest" time="0.001"/>
  <testcase name="testBasicForStatementLambda()" classname="mx.sugus.javapoet.ForStatementSpecTest" time="0.002"/>
  <system-out><![CDATA[]]></system-out>
  <system-err><![CDATA[]]></system-err>
</testsuite>
