<?xml version="1.0" encoding="UTF-8"?>
<testsuite name="mx.sugus.javapoet.IfStatementSpecTest" tests="8" skipped="0" failures="0" errors="0" timestamp="2023-08-12T14:22:46" hostname="Manuels-MacBook-Pro.local" time="0.025">
  <properties/>
  <testcase name="elseIfWithoutIfThrows()" classname="mx.sugus.javapoet.IfStatementSpecTest" time="0.006"/>
  <testcase name="testSimpleIfElseFunctionalStyle()" classname="mx.sugus.javapoet.IfStatementSpecTest" time="0.004"/>
  <testcase name="testSimpleIfElse()" classname="mx.sugus.javapoet.IfStatementSpecTest" time="0.001"/>
  <testcase name="testSimpleIfFunctionalStyle()" classname="mx.sugus.javapoet.IfStatementSpecTest" time="0.001"/>
  <testcase name="testMultiArmIf()" classname="mx.sugus.javapoet.IfStatementSpecTest" time="0.002"/>
  <testcase name="testSimpleIf()" classname="mx.sugus.javapoet.IfStatementSpecTest" time="0.001"/>
  <testcase name="nonTerminatedIfThrows()" classname="mx.sugus.javapoet.IfStatementSpecTest" time="0.001"/>
  <testcase name="elseWithoutIfThrows()" classname="mx.sugus.javapoet.IfStatementSpecTest" time="0.001"/>
  <system-out><![CDATA[]]></system-out>
  <system-err><![CDATA[]]></system-err>
</testsuite>
